<?xml version="1.0" encoding="UTF-8"?>
<!-- Generated by org.testng.reporters.JUnitReportReporter -->
<testsuite hostname="Rahul" failures="0" tests="2" name="Assesment.Test.AppTest" time="62.960" errors="0" timestamp="2024-11-04T09:31:29 EST" skipped="0">
  <testcase classname="Assesment.Test.AppTest" name="verifySearchFunctionality" time="29.377"/>
  <system-out/>
  <testcase classname="Assesment.Test.AppTest" name="verifyComments" time="33.583"/>
  <system-out/>
</testsuite> <!-- Assesment.Test.AppTest -->
